[01:42:24] [main/INFO] (FabricLoader/GameProvider) Loading Minecraft 1.21 with Fabric Loader 0.15.11
[01:42:24] [main/INFO] (FabricLoader) Loading 55 mods:
	- fabric-api 0.100.7+1.21
	- fabric-api-base 0.4.42+6573ed8cd1
	- fabric-api-lookup-api-v1 1.6.67+b5597344d1
	- fabric-biome-api-v1 13.0.29+5bd9f1bcd1
	- fabric-block-api-v1 1.0.22+0af3f5a7d1
	- fabric-block-view-api-v2 1.0.10+6573ed8cd1
	- fabric-blockrenderlayer-v1 1.1.52+0af3f5a7d1
	- fabric-client-tags-api-v1 1.1.15+6573ed8cd1
	- fabric-command-api-v1 1.2.49+f71b366fd1
	- fabric-command-api-v2 2.2.28+6ced4dd9d1
	- fabric-commands-v0 0.2.66+df3654b3d1
	- fabric-content-registries-v0 8.0.15+b5597344d1
	- fabric-convention-tags-v1 2.0.18+7f945d5bd1
	- fabric-convention-tags-v2 2.4.2+c111832ad1
	- fabric-crash-report-info-v1 0.2.29+0af3f5a7d1
	- fabric-data-attachment-api-v1 1.1.25+6a6dfa19d1
	- fabric-data-generation-api-v1 20.2.12+16c4ae25d1
	- fabric-dimensions-v1 4.0.0+6fc22b99d1
	- fabric-entity-events-v1 1.6.12+6fc22b99d1
	- fabric-events-interaction-v0 0.7.10+e633f883d1
	- fabric-game-rule-api-v1 1.0.53+6ced4dd9d1
	- fabric-gametest-api-v1 2.0.3+6fc22b99d1
	- fabric-item-api-v1 11.0.0+afdfc921d1
	- fabric-item-group-api-v1 4.1.3+78017270d1
	- fabric-key-binding-api-v1 1.0.47+0af3f5a7d1
	- fabric-keybindings-v0 0.2.45+df3654b3d1
	- fabric-lifecycle-events-v1 2.3.11+8f3583aed1
	- fabric-loot-api-v2 3.0.13+3f89f5a5d1
	- fabric-loot-api-v3 1.0.1+3f89f5a5d1
	- fabric-message-api-v1 6.0.13+6573ed8cd1
	- fabric-model-loading-api-v1 2.0.0+fe474d6bd1
	- fabric-networking-api-v1 4.2.0+ab7edbacd1
	- fabric-object-builder-api-v1 15.1.13+d1321076d1
	- fabric-particles-v1 4.0.2+6573ed8cd1
	- fabric-recipe-api-v1 5.0.10+65089712d1
	- fabric-registry-sync-v0 5.0.25+5bd9f1bcd1
	- fabric-renderer-api-v1 3.3.0+0ae0b97dd1
	- fabric-renderer-indigo 1.6.5+48fb1586d1
	- fabric-renderer-registries-v1 3.2.68+df3654b3d1
	- fabric-rendering-data-attachment-v1 0.3.48+73761d2ed1
	- fabric-rendering-fluids-v1 3.1.6+b5597344d1
	- fabric-rendering-v0 1.1.71+df3654b3d1
	- fabric-rendering-v1 5.0.5+df16efd0d1
	- fabric-resource-conditions-api-v1 4.2.1+d153f344d1
	- fabric-resource-loader-v0 1.2.0+7e687b32d1
	- fabric-screen-api-v1 2.0.24+b5597344d1
	- fabric-screen-handler-api-v1 1.3.82+b5597344d1
	- fabric-sound-api-v1 1.0.23+6573ed8cd1
	- fabric-transfer-api-v1 5.1.15+3dccd343d1
	- fabric-transitive-access-wideners-v1 6.0.12+6573ed8cd1
	- fabricloader 0.15.11
	- immersivepunching 1.0.0
	- java 21
	- minecraft 1.21
	- mixinextras 0.3.5
[01:42:25] [main/INFO] (FabricLoader/Mixin) SpongePowered MIXIN Subsystem Version=0.8.5 Source=file:/C:/Users/Adrien/.gradle/caches/modules-2/files-2.1/net.fabricmc/sponge-mixin/0.13.3+mixin.0.8.5/9527e6b0d2449408958fd1302594dc65ec5ade9c/sponge-mixin-0.13.3+mixin.0.8.5.jar Service=Knot/Fabric Env=CLIENT
[01:42:25] [main/INFO] (FabricLoader/Mixin) Loaded Fabric development mappings for mixin remapper!
[01:42:25] [main/INFO] (FabricLoader/Mixin) Compatibility level set to JAVA_17
[01:42:25] [main/INFO] (FabricLoader/Mixin) Compatibility level set to JAVA_21
[01:42:29] [main/INFO] (FabricLoader/MixinExtras|Service) Initializing MixinExtras via com.llamalad7.mixinextras.service.MixinExtrasServiceImpl(version=0.3.5).
[01:42:31] [Datafixer Bootstrap/INFO] (Minecraft) 226 Datafixer optimizations took 715 milliseconds
[01:42:44] [Render thread/INFO] (Minecraft) Environment: Environment[sessionHost=https://sessionserver.mojang.com, servicesHost=https://api.minecraftservices.com, name=PROD]
[01:42:44] [Render thread/INFO] (Minecraft) Setting user: Player464
[01:42:45] [Render thread/INFO] (Indigo) [Indigo] Registering Indigo renderer!
[01:42:46] [Render thread/INFO] (Minecraft) Backend library: LWJGL version 3.3.3-snapshot
[01:42:49] [Render thread/INFO] (Minecraft) Reloading ResourceManager: vanilla, fabric, fabric-api, fabric-api-base, fabric-api-lookup-api-v1, fabric-biome-api-v1, fabric-block-api-v1, fabric-block-view-api-v2, fabric-blockrenderlayer-v1, fabric-client-tags-api-v1, fabric-command-api-v1, fabric-command-api-v2, fabric-commands-v0, fabric-content-registries-v0, fabric-convention-tags-v1, fabric-convention-tags-v2, fabric-crash-report-info-v1, fabric-data-attachment-api-v1, fabric-data-generation-api-v1, fabric-dimensions-v1, fabric-entity-events-v1, fabric-events-interaction-v0, fabric-game-rule-api-v1, fabric-gametest-api-v1, fabric-item-api-v1, fabric-item-group-api-v1, fabric-key-binding-api-v1, fabric-keybindings-v0, fabric-lifecycle-events-v1, fabric-loot-api-v2, fabric-loot-api-v3, fabric-message-api-v1, fabric-model-loading-api-v1, fabric-networking-api-v1, fabric-object-builder-api-v1, fabric-particles-v1, fabric-recipe-api-v1, fabric-registry-sync-v0, fabric-renderer-api-v1, fabric-renderer-indigo, fabric-renderer-registries-v1, fabric-rendering-data-attachment-v1, fabric-rendering-fluids-v1, fabric-rendering-v0, fabric-rendering-v1, fabric-resource-conditions-api-v1, fabric-resource-loader-v0, fabric-screen-api-v1, fabric-screen-handler-api-v1, fabric-sound-api-v1, fabric-transfer-api-v1, fabric-transitive-access-wideners-v1, fabricloader, immersivepunching
[01:42:49] [Worker-Main-1/ERROR] (ModNioResourcePack) Invalid path in mod resource-pack immersivepunching: immersivepunching:sounds/Navi_Bump.wav, ignoring
[01:42:49] [Worker-Main-1/ERROR] (ModNioResourcePack) Invalid path in mod resource-pack immersivepunching: immersivepunching:sounds/Navi_Hello.wav, ignoring
[01:42:49] [Worker-Main-1/ERROR] (ModNioResourcePack) Invalid path in mod resource-pack immersivepunching: immersivepunching:sounds/Navi_Hey.wav, ignoring
[01:42:49] [Worker-Main-1/ERROR] (ModNioResourcePack) Invalid path in mod resource-pack immersivepunching: immersivepunching:sounds/Navi_Leave.wav, ignoring
[01:42:49] [Worker-Main-1/ERROR] (ModNioResourcePack) Invalid path in mod resource-pack immersivepunching: immersivepunching:sounds/Navi_Listen.wav, ignoring
[01:42:49] [Worker-Main-1/ERROR] (ModNioResourcePack) Invalid path in mod resource-pack immersivepunching: immersivepunching:sounds/Navi_Look.wav, ignoring
[01:42:49] [Worker-Main-1/ERROR] (ModNioResourcePack) Invalid path in mod resource-pack immersivepunching: immersivepunching:sounds/Navi_Spawn.wav, ignoring
[01:42:49] [Worker-Main-1/ERROR] (ModNioResourcePack) Invalid path in mod resource-pack immersivepunching: immersivepunching:sounds/Navi_Watchout.wav, ignoring
[01:42:49] [Worker-Main-1/ERROR] (ModNioResourcePack) Invalid path in mod resource-pack immersivepunching: immersivepunching:sounds/Navi_Yah.wav, ignoring
[01:42:49] [Worker-Main-7/INFO] (Minecraft) Found unifont_all_no_pua-15.1.05.hex, loading
[01:42:50] [Worker-Main-6/INFO] (Minecraft) Found unifont_jp_patch-15.1.05.hex, loading
[01:42:51] [Worker-Main-1/WARN] (Minecraft) Unable to load model: 'immersivepunching:item/example_food' referenced from: immersivepunching:item/example_food: java.io.FileNotFoundException: immersivepunching:models/item/example_food.json
[01:42:53] [Render thread/WARN] (Minecraft) Missing sound for event: minecraft:item.goat_horn.play
[01:42:53] [Render thread/WARN] (Minecraft) Missing sound for event: minecraft:entity.goat.screaming.horn_break
[01:42:53] [Render thread/INFO] (Minecraft) OpenAL initialized on device OpenAL Soft on Haut-parleurs (2- Logitech G733 Gaming Headset)
[01:42:53] [Render thread/INFO] (Minecraft) Sound engine started
[01:42:53] [Render thread/INFO] (Minecraft) Created: 1024x512x4 minecraft:textures/atlas/blocks.png-atlas
[01:42:53] [Render thread/INFO] (Minecraft) Created: 256x256x4 minecraft:textures/atlas/signs.png-atlas
[01:42:53] [Render thread/INFO] (Minecraft) Created: 512x512x4 minecraft:textures/atlas/shield_patterns.png-atlas
[01:42:53] [Render thread/INFO] (Minecraft) Created: 512x512x4 minecraft:textures/atlas/banner_patterns.png-atlas
[01:42:53] [Render thread/INFO] (Minecraft) Created: 1024x1024x4 minecraft:textures/atlas/armor_trims.png-atlas
[01:42:53] [Render thread/INFO] (Minecraft) Created: 128x64x4 minecraft:textures/atlas/decorated_pot.png-atlas
[01:42:53] [Render thread/INFO] (Minecraft) Created: 256x256x4 minecraft:textures/atlas/chest.png-atlas
[01:42:53] [Render thread/INFO] (Minecraft) Created: 512x256x4 minecraft:textures/atlas/shulker_boxes.png-atlas
[01:42:53] [Render thread/INFO] (Minecraft) Created: 512x256x4 minecraft:textures/atlas/beds.png-atlas
[01:42:54] [Render thread/INFO] (Minecraft) Created: 512x256x0 minecraft:textures/atlas/particles.png-atlas
[01:42:54] [Render thread/INFO] (Minecraft) Created: 512x256x0 minecraft:textures/atlas/paintings.png-atlas
[01:42:54] [Render thread/INFO] (Minecraft) Created: 256x128x0 minecraft:textures/atlas/mob_effects.png-atlas
[01:42:54] [Render thread/INFO] (Minecraft) Created: 64x64x0 minecraft:textures/atlas/map_decorations.png-atlas
[01:42:54] [Render thread/INFO] (Minecraft) Created: 1024x512x0 minecraft:textures/atlas/gui.png-atlas
[01:42:55] [Render thread/WARN] (Minecraft) Shader rendertype_entity_translucent_emissive could not find sampler named Sampler2 in the specified shader program.
[01:43:04] [Render thread/INFO] (Minecraft) Loaded 1290 recipes
[01:43:04] [Render thread/INFO] (Minecraft) Loaded 1399 advancements
[01:43:05] [Render thread/INFO] (BiomeModificationImpl) Applied 0 biome modifications to 0 of 64 new biomes in 2.907 ms
[01:43:05] [Server thread/INFO] (Minecraft) Starting integrated minecraft server version 1.21
[01:43:05] [Server thread/INFO] (Minecraft) Generating keypair
[01:43:09] [Server thread/INFO] (Minecraft) Preparing start region for dimension minecraft:overworld
[01:43:09] [Render thread/INFO] (Minecraft) Preparing spawn area: 0%
[01:43:09] [Render thread/INFO] (Minecraft) Preparing spawn area: 0%
[01:43:10] [Render thread/INFO] (Minecraft) Time elapsed: 981 ms
[01:43:10] [Server thread/INFO] (Minecraft) Changing view distance to 12, from 10
[01:43:10] [Server thread/INFO] (Minecraft) Changing simulation distance to 12, from 0
[01:43:12] [Server thread/ERROR] (Minecraft) Tried to load invalid item: 'Unknown registry key in ResourceKey[minecraft:root / minecraft:item]: immersivepunching:example_navi'
[01:43:12] [Server thread/INFO] (Minecraft) Player464[local:E:105094fb] logged in with entity id 60 at (-56.84424171231554, 84.0, 61.93180769049382)
[01:43:12] [Server thread/INFO] (Minecraft) Player464 joined the game
[01:43:13] [Render thread/INFO] (Minecraft) Loaded 2 advancements
[01:43:32] [Render thread/INFO] (Minecraft) [System] [CHAT] No player was found
[01:43:39] [Server thread/INFO] (Minecraft) [Player464: Gave 1 [item.immersivepunching.navi] to Player464]
[01:43:39] [Render thread/INFO] (Minecraft) [System] [CHAT] Gave 1 [item.immersivepunching.navi] to Player464
[01:43:49] [Server thread/INFO] (Minecraft) Saving and pausing game...
[01:43:50] [Server thread/INFO] (Minecraft) Saving chunks for level 'ServerLevel[New World]'/minecraft:overworld
[01:43:50] [Server thread/INFO] (Minecraft) Saving chunks for level 'ServerLevel[New World]'/minecraft:the_end
[01:43:50] [Server thread/INFO] (Minecraft) Saving chunks for level 'ServerLevel[New World]'/minecraft:the_nether
[01:44:02] [Server thread/INFO] (Minecraft) Saving and pausing game...
[01:44:02] [Server thread/INFO] (Minecraft) Saving chunks for level 'ServerLevel[New World]'/minecraft:overworld
[01:44:02] [Server thread/INFO] (Minecraft) Saving chunks for level 'ServerLevel[New World]'/minecraft:the_end
[01:44:02] [Server thread/INFO] (Minecraft) Saving chunks for level 'ServerLevel[New World]'/minecraft:the_nether
[01:44:11] [Server thread/INFO] (Minecraft) Saving and pausing game...
[01:44:11] [Server thread/INFO] (Minecraft) Saving chunks for level 'ServerLevel[New World]'/minecraft:overworld
[01:44:11] [Server thread/INFO] (Minecraft) Saving chunks for level 'ServerLevel[New World]'/minecraft:the_end
[01:44:11] [Server thread/INFO] (Minecraft) Saving chunks for level 'ServerLevel[New World]'/minecraft:the_nether
[01:44:21] [Server thread/INFO] (Minecraft) Saving and pausing game...
[01:44:21] [Server thread/INFO] (Minecraft) Saving chunks for level 'ServerLevel[New World]'/minecraft:overworld
[01:44:21] [Server thread/INFO] (Minecraft) Saving chunks for level 'ServerLevel[New World]'/minecraft:the_end
[01:44:21] [Server thread/INFO] (Minecraft) Saving chunks for level 'ServerLevel[New World]'/minecraft:the_nether
[01:44:40] [Server thread/INFO] (Minecraft) Saving and pausing game...
[01:44:40] [Server thread/INFO] (Minecraft) Saving chunks for level 'ServerLevel[New World]'/minecraft:overworld
[01:44:40] [Server thread/INFO] (Minecraft) Saving chunks for level 'ServerLevel[New World]'/minecraft:the_end
[01:44:40] [Server thread/INFO] (Minecraft) Saving chunks for level 'ServerLevel[New World]'/minecraft:the_nether
[01:45:06] [Server thread/INFO] (Minecraft) Saving and pausing game...
[01:45:06] [Server thread/INFO] (Minecraft) Saving chunks for level 'ServerLevel[New World]'/minecraft:overworld
[01:45:06] [Server thread/INFO] (Minecraft) Saving chunks for level 'ServerLevel[New World]'/minecraft:the_end
[01:45:06] [Server thread/INFO] (Minecraft) Saving chunks for level 'ServerLevel[New World]'/minecraft:the_nether
[01:45:50] [Server thread/INFO] (Minecraft) Saving and pausing game...
[01:45:50] [Server thread/INFO] (Minecraft) Saving chunks for level 'ServerLevel[New World]'/minecraft:overworld
[01:45:50] [Server thread/INFO] (Minecraft) Saving chunks for level 'ServerLevel[New World]'/minecraft:the_end
[01:45:50] [Server thread/INFO] (Minecraft) Saving chunks for level 'ServerLevel[New World]'/minecraft:the_nether
[01:46:20] [Render thread/INFO] (Minecraft) Reloading ResourceManager: vanilla, fabric, fabric-api, fabric-api-base, fabric-api-lookup-api-v1, fabric-biome-api-v1, fabric-block-api-v1, fabric-block-view-api-v2, fabric-blockrenderlayer-v1, fabric-client-tags-api-v1, fabric-command-api-v1, fabric-command-api-v2, fabric-commands-v0, fabric-content-registries-v0, fabric-convention-tags-v1, fabric-convention-tags-v2, fabric-crash-report-info-v1, fabric-data-attachment-api-v1, fabric-data-generation-api-v1, fabric-dimensions-v1, fabric-entity-events-v1, fabric-events-interaction-v0, fabric-game-rule-api-v1, fabric-gametest-api-v1, fabric-item-api-v1, fabric-item-group-api-v1, fabric-key-binding-api-v1, fabric-keybindings-v0, fabric-lifecycle-events-v1, fabric-loot-api-v2, fabric-loot-api-v3, fabric-message-api-v1, fabric-model-loading-api-v1, fabric-networking-api-v1, fabric-object-builder-api-v1, fabric-particles-v1, fabric-recipe-api-v1, fabric-registry-sync-v0, fabric-renderer-api-v1, fabric-renderer-indigo, fabric-renderer-registries-v1, fabric-rendering-data-attachment-v1, fabric-rendering-fluids-v1, fabric-rendering-v0, fabric-rendering-v1, fabric-resource-conditions-api-v1, fabric-resource-loader-v0, fabric-screen-api-v1, fabric-screen-handler-api-v1, fabric-sound-api-v1, fabric-transfer-api-v1, fabric-transitive-access-wideners-v1, fabricloader, immersivepunching
[01:46:20] [Worker-Main-4/ERROR] (ModNioResourcePack) Invalid path in mod resource-pack immersivepunching: immersivepunching:sounds/Navi_Bump.wav, ignoring
[01:46:20] [Worker-Main-4/ERROR] (ModNioResourcePack) Invalid path in mod resource-pack immersivepunching: immersivepunching:sounds/Navi_Hello.wav, ignoring
[01:46:20] [Worker-Main-4/ERROR] (ModNioResourcePack) Invalid path in mod resource-pack immersivepunching: immersivepunching:sounds/Navi_Hey.wav, ignoring
[01:46:20] [Worker-Main-4/ERROR] (ModNioResourcePack) Invalid path in mod resource-pack immersivepunching: immersivepunching:sounds/Navi_Leave.wav, ignoring
[01:46:20] [Worker-Main-4/ERROR] (ModNioResourcePack) Invalid path in mod resource-pack immersivepunching: immersivepunching:sounds/Navi_Listen.wav, ignoring
[01:46:20] [Worker-Main-1/INFO] (Minecraft) Found unifont_all_no_pua-15.1.05.hex, loading
[01:46:20] [Worker-Main-4/ERROR] (ModNioResourcePack) Invalid path in mod resource-pack immersivepunching: immersivepunching:sounds/Navi_Look.wav, ignoring
[01:46:20] [Worker-Main-4/ERROR] (ModNioResourcePack) Invalid path in mod resource-pack immersivepunching: immersivepunching:sounds/Navi_Spawn.wav, ignoring
[01:46:20] [Worker-Main-4/ERROR] (ModNioResourcePack) Invalid path in mod resource-pack immersivepunching: immersivepunching:sounds/Navi_Watchout.wav, ignoring
[01:46:20] [Worker-Main-4/ERROR] (ModNioResourcePack) Invalid path in mod resource-pack immersivepunching: immersivepunching:sounds/Navi_Yah.wav, ignoring
[01:46:20] [Worker-Main-6/INFO] (Minecraft) Found unifont_jp_patch-15.1.05.hex, loading
[01:46:21] [Worker-Main-1/WARN] (Minecraft) Unable to load model: 'immersivepunching:item/example_food' referenced from: immersivepunching:item/example_food: java.io.FileNotFoundException: immersivepunching:models/item/example_food.json
[01:46:22] [Render thread/WARN] (Minecraft) Missing sound for event: minecraft:item.goat_horn.play
[01:46:22] [Render thread/WARN] (Minecraft) Missing sound for event: minecraft:entity.goat.screaming.horn_break
[01:46:23] [Render thread/INFO] (Minecraft) OpenAL initialized on device OpenAL Soft on Haut-parleurs (2- Logitech G733 Gaming Headset)
[01:46:23] [Render thread/INFO] (Minecraft) Sound engine started
[01:46:23] [Render thread/INFO] (Minecraft) Created: 1024x512x4 minecraft:textures/atlas/blocks.png-atlas
[01:46:23] [Render thread/INFO] (Minecraft) Created: 256x256x4 minecraft:textures/atlas/signs.png-atlas
[01:46:23] [Render thread/INFO] (Minecraft) Created: 512x512x4 minecraft:textures/atlas/shield_patterns.png-atlas
[01:46:23] [Render thread/INFO] (Minecraft) Created: 512x512x4 minecraft:textures/atlas/banner_patterns.png-atlas
[01:46:23] [Render thread/INFO] (Minecraft) Created: 1024x1024x4 minecraft:textures/atlas/armor_trims.png-atlas
[01:46:23] [Render thread/INFO] (Minecraft) Created: 128x64x4 minecraft:textures/atlas/decorated_pot.png-atlas
[01:46:23] [Render thread/INFO] (Minecraft) Created: 256x256x4 minecraft:textures/atlas/chest.png-atlas
[01:46:23] [Render thread/INFO] (Minecraft) Created: 512x256x4 minecraft:textures/atlas/shulker_boxes.png-atlas
[01:46:23] [Render thread/INFO] (Minecraft) Created: 512x256x4 minecraft:textures/atlas/beds.png-atlas
[01:46:23] [Render thread/INFO] (Minecraft) Created: 512x256x0 minecraft:textures/atlas/particles.png-atlas
[01:46:23] [Render thread/INFO] (Minecraft) Created: 512x256x0 minecraft:textures/atlas/paintings.png-atlas
[01:46:23] [Render thread/INFO] (Minecraft) Created: 256x128x0 minecraft:textures/atlas/mob_effects.png-atlas
[01:46:23] [Render thread/INFO] (Minecraft) Created: 64x64x0 minecraft:textures/atlas/map_decorations.png-atlas
[01:46:23] [Render thread/INFO] (Minecraft) Created: 1024x512x0 minecraft:textures/atlas/gui.png-atlas
[01:46:23] [Render thread/WARN] (Minecraft) Shader rendertype_entity_translucent_emissive could not find sampler named Sampler2 in the specified shader program.
[01:46:44] [Server thread/INFO] (Minecraft) Player464 lost connection: Disconnected
[01:46:44] [Server thread/INFO] (Minecraft) Player464 left the game
[01:46:44] [Server thread/INFO] (Minecraft) Stopping singleplayer server as player logged out
[01:46:44] [Server thread/INFO] (Minecraft) Stopping server
[01:46:44] [Server thread/INFO] (Minecraft) Saving players
[01:46:44] [Server thread/INFO] (Minecraft) Saving worlds
[01:46:45] [Server thread/INFO] (Minecraft) Saving chunks for level 'ServerLevel[New World]'/minecraft:overworld
[01:46:46] [Server thread/INFO] (Minecraft) Saving chunks for level 'ServerLevel[New World]'/minecraft:the_end
[01:46:46] [Server thread/INFO] (Minecraft) Saving chunks for level 'ServerLevel[New World]'/minecraft:the_nether
[01:46:46] [Server thread/INFO] (Minecraft) ThreadedAnvilChunkStorage (New World): All chunks are saved
[01:46:46] [Server thread/INFO] (Minecraft) ThreadedAnvilChunkStorage (DIM1): All chunks are saved
[01:46:46] [Server thread/INFO] (Minecraft) ThreadedAnvilChunkStorage (DIM-1): All chunks are saved
[01:46:46] [Server thread/INFO] (Minecraft) ThreadedAnvilChunkStorage: All dimensions are saved
[01:47:02] [Render thread/INFO] (Minecraft) Reloading ResourceManager: vanilla, fabric, fabric-api, fabric-api-base, fabric-api-lookup-api-v1, fabric-biome-api-v1, fabric-block-api-v1, fabric-block-view-api-v2, fabric-blockrenderlayer-v1, fabric-client-tags-api-v1, fabric-command-api-v1, fabric-command-api-v2, fabric-commands-v0, fabric-content-registries-v0, fabric-convention-tags-v1, fabric-convention-tags-v2, fabric-crash-report-info-v1, fabric-data-attachment-api-v1, fabric-data-generation-api-v1, fabric-dimensions-v1, fabric-entity-events-v1, fabric-events-interaction-v0, fabric-game-rule-api-v1, fabric-gametest-api-v1, fabric-item-api-v1, fabric-item-group-api-v1, fabric-key-binding-api-v1, fabric-keybindings-v0, fabric-lifecycle-events-v1, fabric-loot-api-v2, fabric-loot-api-v3, fabric-message-api-v1, fabric-model-loading-api-v1, fabric-networking-api-v1, fabric-object-builder-api-v1, fabric-particles-v1, fabric-recipe-api-v1, fabric-registry-sync-v0, fabric-renderer-api-v1, fabric-renderer-indigo, fabric-renderer-registries-v1, fabric-rendering-data-attachment-v1, fabric-rendering-fluids-v1, fabric-rendering-v0, fabric-rendering-v1, fabric-resource-conditions-api-v1, fabric-resource-loader-v0, fabric-screen-api-v1, fabric-screen-handler-api-v1, fabric-sound-api-v1, fabric-transfer-api-v1, fabric-transitive-access-wideners-v1, fabricloader, immersivepunching
[01:47:02] [Worker-Main-7/ERROR] (ModNioResourcePack) Invalid path in mod resource-pack immersivepunching: immersivepunching:sounds/Navi_Bump.wav, ignoring
[01:47:02] [Worker-Main-7/ERROR] (ModNioResourcePack) Invalid path in mod resource-pack immersivepunching: immersivepunching:sounds/Navi_Hello.wav, ignoring
[01:47:02] [Worker-Main-2/INFO] (Minecraft) Found unifont_all_no_pua-15.1.05.hex, loading
[01:47:02] [Worker-Main-7/ERROR] (ModNioResourcePack) Invalid path in mod resource-pack immersivepunching: immersivepunching:sounds/Navi_Hey.wav, ignoring
[01:47:02] [Worker-Main-7/ERROR] (ModNioResourcePack) Invalid path in mod resource-pack immersivepunching: immersivepunching:sounds/Navi_Leave.wav, ignoring
[01:47:02] [Worker-Main-7/ERROR] (ModNioResourcePack) Invalid path in mod resource-pack immersivepunching: immersivepunching:sounds/Navi_Listen.wav, ignoring
[01:47:02] [Worker-Main-7/ERROR] (ModNioResourcePack) Invalid path in mod resource-pack immersivepunching: immersivepunching:sounds/Navi_Look.wav, ignoring
[01:47:02] [Worker-Main-7/ERROR] (ModNioResourcePack) Invalid path in mod resource-pack immersivepunching: immersivepunching:sounds/Navi_Spawn.wav, ignoring
[01:47:02] [Worker-Main-7/ERROR] (ModNioResourcePack) Invalid path in mod resource-pack immersivepunching: immersivepunching:sounds/Navi_Watchout.wav, ignoring
[01:47:02] [Worker-Main-7/ERROR] (ModNioResourcePack) Invalid path in mod resource-pack immersivepunching: immersivepunching:sounds/Navi_Yah.wav, ignoring
[01:47:02] [Worker-Main-7/INFO] (Minecraft) Found unifont_jp_patch-15.1.05.hex, loading
[01:47:02] [Worker-Main-4/WARN] (Minecraft) Unable to load model: 'immersivepunching:item/example_food' referenced from: immersivepunching:item/example_food: java.io.FileNotFoundException: immersivepunching:models/item/example_food.json
[01:47:03] [Render thread/WARN] (Minecraft) Missing sound for event: minecraft:item.goat_horn.play
[01:47:03] [Render thread/WARN] (Minecraft) Missing sound for event: minecraft:entity.goat.screaming.horn_break
[01:47:03] [Render thread/INFO] (Minecraft) OpenAL initialized on device OpenAL Soft on Haut-parleurs (2- Logitech G733 Gaming Headset)
[01:47:03] [Render thread/INFO] (Minecraft) Sound engine started
[01:47:03] [Render thread/INFO] (Minecraft) Created: 1024x512x4 minecraft:textures/atlas/blocks.png-atlas
[01:47:04] [Render thread/INFO] (Minecraft) Created: 256x256x4 minecraft:textures/atlas/signs.png-atlas
[01:47:04] [Render thread/INFO] (Minecraft) Created: 512x512x4 minecraft:textures/atlas/shield_patterns.png-atlas
[01:47:04] [Render thread/INFO] (Minecraft) Created: 512x512x4 minecraft:textures/atlas/banner_patterns.png-atlas
[01:47:04] [Render thread/INFO] (Minecraft) Created: 1024x1024x4 minecraft:textures/atlas/armor_trims.png-atlas
[01:47:04] [Render thread/INFO] (Minecraft) Created: 128x64x4 minecraft:textures/atlas/decorated_pot.png-atlas
[01:47:04] [Render thread/INFO] (Minecraft) Created: 256x256x4 minecraft:textures/atlas/chest.png-atlas
[01:47:04] [Render thread/INFO] (Minecraft) Created: 512x256x4 minecraft:textures/atlas/shulker_boxes.png-atlas
[01:47:04] [Render thread/INFO] (Minecraft) Created: 512x256x4 minecraft:textures/atlas/beds.png-atlas
[01:47:04] [Render thread/INFO] (Minecraft) Created: 512x256x0 minecraft:textures/atlas/particles.png-atlas
[01:47:04] [Render thread/INFO] (Minecraft) Created: 512x256x0 minecraft:textures/atlas/paintings.png-atlas
[01:47:04] [Render thread/INFO] (Minecraft) Created: 256x128x0 minecraft:textures/atlas/mob_effects.png-atlas
[01:47:04] [Render thread/INFO] (Minecraft) Created: 64x64x0 minecraft:textures/atlas/map_decorations.png-atlas
[01:47:04] [Render thread/INFO] (Minecraft) Created: 1024x512x0 minecraft:textures/atlas/gui.png-atlas
[01:47:04] [Render thread/WARN] (Minecraft) Shader rendertype_entity_translucent_emissive could not find sampler named Sampler2 in the specified shader program.
[01:47:46] [Render thread/INFO] (Minecraft) Reloading ResourceManager: vanilla, fabric, fabric-api, fabric-api-base, fabric-api-lookup-api-v1, fabric-biome-api-v1, fabric-block-api-v1, fabric-block-view-api-v2, fabric-blockrenderlayer-v1, fabric-client-tags-api-v1, fabric-command-api-v1, fabric-command-api-v2, fabric-commands-v0, fabric-content-registries-v0, fabric-convention-tags-v1, fabric-convention-tags-v2, fabric-crash-report-info-v1, fabric-data-attachment-api-v1, fabric-data-generation-api-v1, fabric-dimensions-v1, fabric-entity-events-v1, fabric-events-interaction-v0, fabric-game-rule-api-v1, fabric-gametest-api-v1, fabric-item-api-v1, fabric-item-group-api-v1, fabric-key-binding-api-v1, fabric-keybindings-v0, fabric-lifecycle-events-v1, fabric-loot-api-v2, fabric-loot-api-v3, fabric-message-api-v1, fabric-model-loading-api-v1, fabric-networking-api-v1, fabric-object-builder-api-v1, fabric-particles-v1, fabric-recipe-api-v1, fabric-registry-sync-v0, fabric-renderer-api-v1, fabric-renderer-indigo, fabric-renderer-registries-v1, fabric-rendering-data-attachment-v1, fabric-rendering-fluids-v1, fabric-rendering-v0, fabric-rendering-v1, fabric-resource-conditions-api-v1, fabric-resource-loader-v0, fabric-screen-api-v1, fabric-screen-handler-api-v1, fabric-sound-api-v1, fabric-transfer-api-v1, fabric-transitive-access-wideners-v1, fabricloader, immersivepunching
[01:47:46] [Worker-Main-6/ERROR] (ModNioResourcePack) Invalid path in mod resource-pack immersivepunching: immersivepunching:sounds/Navi_Bump.wav, ignoring
[01:47:46] [Worker-Main-4/INFO] (Minecraft) Found unifont_all_no_pua-15.1.05.hex, loading
[01:47:46] [Worker-Main-6/ERROR] (ModNioResourcePack) Invalid path in mod resource-pack immersivepunching: immersivepunching:sounds/Navi_Hello.wav, ignoring
[01:47:46] [Worker-Main-6/ERROR] (ModNioResourcePack) Invalid path in mod resource-pack immersivepunching: immersivepunching:sounds/Navi_Hey.wav, ignoring
[01:47:46] [Worker-Main-6/ERROR] (ModNioResourcePack) Invalid path in mod resource-pack immersivepunching: immersivepunching:sounds/Navi_Leave.wav, ignoring
[01:47:46] [Worker-Main-6/ERROR] (ModNioResourcePack) Invalid path in mod resource-pack immersivepunching: immersivepunching:sounds/Navi_Listen.wav, ignoring
[01:47:46] [Worker-Main-6/ERROR] (ModNioResourcePack) Invalid path in mod resource-pack immersivepunching: immersivepunching:sounds/Navi_Look.wav, ignoring
[01:47:46] [Worker-Main-6/ERROR] (ModNioResourcePack) Invalid path in mod resource-pack immersivepunching: immersivepunching:sounds/Navi_Spawn.wav, ignoring
[01:47:46] [Worker-Main-6/ERROR] (ModNioResourcePack) Invalid path in mod resource-pack immersivepunching: immersivepunching:sounds/Navi_Watchout.wav, ignoring
[01:47:46] [Worker-Main-6/ERROR] (ModNioResourcePack) Invalid path in mod resource-pack immersivepunching: immersivepunching:sounds/Navi_Yah.wav, ignoring
[01:47:46] [Worker-Main-4/INFO] (Minecraft) Found unifont_jp_patch-15.1.05.hex, loading
[01:47:47] [Worker-Main-4/WARN] (Minecraft) Unable to load model: 'immersivepunching:item/example_food' referenced from: immersivepunching:item/example_food: java.io.FileNotFoundException: immersivepunching:models/item/example_food.json
[01:47:47] [Render thread/WARN] (Minecraft) Missing sound for event: minecraft:item.goat_horn.play
[01:47:47] [Render thread/WARN] (Minecraft) Missing sound for event: minecraft:entity.goat.screaming.horn_break
[01:47:47] [Render thread/INFO] (Minecraft) OpenAL initialized on device OpenAL Soft on Haut-parleurs (2- Logitech G733 Gaming Headset)
[01:47:47] [Render thread/INFO] (Minecraft) Sound engine started
[01:47:47] [Render thread/INFO] (Minecraft) Created: 1024x512x4 minecraft:textures/atlas/blocks.png-atlas
[01:47:48] [Render thread/INFO] (Minecraft) Created: 256x256x4 minecraft:textures/atlas/signs.png-atlas
[01:47:48] [Render thread/INFO] (Minecraft) Created: 512x512x4 minecraft:textures/atlas/shield_patterns.png-atlas
[01:47:48] [Render thread/INFO] (Minecraft) Created: 512x512x4 minecraft:textures/atlas/banner_patterns.png-atlas
[01:47:48] [Render thread/INFO] (Minecraft) Created: 1024x1024x4 minecraft:textures/atlas/armor_trims.png-atlas
[01:47:48] [Render thread/INFO] (Minecraft) Created: 128x64x4 minecraft:textures/atlas/decorated_pot.png-atlas
[01:47:48] [Render thread/INFO] (Minecraft) Created: 256x256x4 minecraft:textures/atlas/chest.png-atlas
[01:47:48] [Render thread/INFO] (Minecraft) Created: 512x256x4 minecraft:textures/atlas/shulker_boxes.png-atlas
[01:47:48] [Render thread/INFO] (Minecraft) Created: 512x256x4 minecraft:textures/atlas/beds.png-atlas
[01:47:48] [Render thread/INFO] (Minecraft) Created: 512x256x0 minecraft:textures/atlas/particles.png-atlas
[01:47:48] [Render thread/INFO] (Minecraft) Created: 512x256x0 minecraft:textures/atlas/paintings.png-atlas
[01:47:48] [Render thread/INFO] (Minecraft) Created: 256x128x0 minecraft:textures/atlas/mob_effects.png-atlas
[01:47:48] [Render thread/INFO] (Minecraft) Created: 64x64x0 minecraft:textures/atlas/map_decorations.png-atlas
[01:47:48] [Render thread/INFO] (Minecraft) Created: 1024x512x0 minecraft:textures/atlas/gui.png-atlas
[01:47:48] [Render thread/WARN] (Minecraft) Shader rendertype_entity_translucent_emissive could not find sampler named Sampler2 in the specified shader program.
[01:47:53] [Render thread/INFO] (Minecraft) Loaded 1290 recipes
[01:47:53] [Render thread/INFO] (Minecraft) Loaded 1399 advancements
[01:47:54] [Render thread/INFO] (BiomeModificationImpl) Applied 0 biome modifications to 0 of 64 new biomes in 648.8 μs
[01:47:54] [Server thread/INFO] (Minecraft) Starting integrated minecraft server version 1.21
[01:47:54] [Server thread/INFO] (Minecraft) Generating keypair
[01:47:57] [Server thread/INFO] (Minecraft) Preparing start region for dimension minecraft:overworld
[01:47:57] [Render thread/INFO] (Minecraft) Preparing spawn area: 0%
[01:47:57] [Render thread/INFO] (Minecraft) Time elapsed: 308 ms
[01:47:57] [Server thread/INFO] (Minecraft) Changing view distance to 12, from 10
[01:47:57] [Server thread/INFO] (Minecraft) Changing simulation distance to 12, from 0
[01:47:57] [Server thread/INFO] (Minecraft) Player464[local:E:c84f0c21] logged in with entity id 1003 at (-125.31580422433163, 97.0, 130.99027733824036)
[01:47:57] [Server thread/INFO] (Minecraft) Player464 joined the game
[01:47:58] [Render thread/INFO] (Minecraft) Loaded 2 advancements
[01:47:58] [Server thread/INFO] (Minecraft) Saving and pausing game...
[01:47:58] [Server thread/INFO] (Minecraft) Saving chunks for level 'ServerLevel[New World]'/minecraft:overworld
[01:47:58] [Server thread/INFO] (Minecraft) Saving chunks for level 'ServerLevel[New World]'/minecraft:the_end
[01:47:58] [Server thread/INFO] (Minecraft) Saving chunks for level 'ServerLevel[New World]'/minecraft:the_nether
[01:48:07] [Render thread/WARN] (Minecraft) Received passengers for unknown entity
[01:48:07] [Render thread/INFO] (Minecraft) Stopping!
[01:48:07] [Server thread/INFO] (Minecraft) Player464 lost connection: Disconnected
[01:48:07] [Server thread/INFO] (Minecraft) Player464 left the game
[01:48:07] [Server thread/INFO] (Minecraft) Stopping singleplayer server as player logged out
[01:48:07] [Server thread/INFO] (Minecraft) Stopping server
[01:48:07] [Server thread/INFO] (Minecraft) Saving players
[01:48:07] [Server thread/INFO] (Minecraft) Saving worlds
[01:48:08] [Server thread/INFO] (Minecraft) Saving chunks for level 'ServerLevel[New World]'/minecraft:overworld
[01:48:09] [Server thread/INFO] (Minecraft) Saving chunks for level 'ServerLevel[New World]'/minecraft:the_end
[01:48:09] [Server thread/INFO] (Minecraft) Saving chunks for level 'ServerLevel[New World]'/minecraft:the_nether
[01:48:09] [Server thread/INFO] (Minecraft) ThreadedAnvilChunkStorage (New World): All chunks are saved
[01:48:09] [Server thread/INFO] (Minecraft) ThreadedAnvilChunkStorage (DIM1): All chunks are saved
[01:48:09] [Server thread/INFO] (Minecraft) ThreadedAnvilChunkStorage (DIM-1): All chunks are saved
[01:48:09] [Server thread/INFO] (Minecraft) ThreadedAnvilChunkStorage: All dimensions are saved
